<?xml version="1.0" encoding="UTF-8"?>
<coverage generated="1757337653839" clover="3.2.0">
  <project timestamp="1757337653839" name="All files">
    <metrics statements="92" coveredstatements="89" conditionals="44" coveredconditionals="41" methods="2" coveredmethods="2" elements="138" coveredelements="132" complexity="0" loc="92" ncloc="92" packages="1" files="1" classes="1"/>
    <file name="abrigo-animais.js" path="/home/vitor/Área de trabalho/abrigo de animais/src/abrigo-animais.js">
      <metrics statements="92" coveredstatements="89" conditionals="44" coveredconditionals="41" methods="2" coveredmethods="2"/>
      <line num="1" count="1" type="stmt"/>
      <line num="2" count="1" type="stmt"/>
      <line num="3" count="1" type="stmt"/>
      <line num="4" count="1" type="stmt"/>
      <line num="5" count="1" type="stmt"/>
      <line num="6" count="1" type="stmt"/>
      <line num="7" count="1" type="stmt"/>
      <line num="8" count="1" type="stmt"/>
      <line num="9" count="1" type="stmt"/>
      <line num="10" count="1" type="stmt"/>
      <line num="11" count="1" type="stmt"/>
      <line num="12" count="1" type="cond" truecount="1" falsecount="0"/>
      <line num="13" count="11" type="cond" truecount="1" falsecount="0"/>
      <line num="14" count="11" type="cond" truecount="1" falsecount="0"/>
      <line num="15" count="11" type="cond" truecount="1" falsecount="0"/>
      <line num="16" count="11" type="stmt"/>
      <line num="17" count="11" type="stmt"/>
      <line num="18" count="11" type="cond" truecount="2" falsecount="0"/>
      <line num="19" count="1" type="stmt"/>
      <line num="20" count="1" type="cond" truecount="1" falsecount="0"/>
      <line num="21" count="10" type="stmt"/>
      <line num="22" count="11" type="cond" truecount="1" falsecount="0"/>
      <line num="23" count="1" type="stmt"/>
      <line num="24" count="1" type="cond" truecount="1" falsecount="0"/>
      <line num="25" count="9" type="stmt"/>
      <line num="26" count="9" type="stmt"/>
      <line num="27" count="9" type="stmt"/>
      <line num="28" count="9" type="stmt"/>
      <line num="29" count="9" type="stmt"/>
      <line num="30" count="11" type="cond" truecount="1" falsecount="0"/>
      <line num="31" count="22" type="stmt"/>
      <line num="32" count="22" type="cond" truecount="2" falsecount="0"/>
      <line num="33" count="21" type="stmt"/>
      <line num="34" count="21" type="stmt"/>
      <line num="35" count="21" type="stmt"/>
      <line num="36" count="21" type="stmt"/>
      <line num="37" count="21" type="stmt"/>
      <line num="38" count="22" type="cond" truecount="3" falsecount="0"/>
      <line num="39" count="3" type="stmt"/>
      <line num="40" count="3" type="stmt"/>
      <line num="41" count="3" type="cond" truecount="1" falsecount="0"/>
      <line num="42" count="18" type="stmt"/>
      <line num="43" count="18" type="stmt"/>
      <line num="44" count="22" type="cond" truecount="1" falsecount="0"/>
      <line num="45" count="4" type="stmt"/>
      <line num="46" count="4" type="stmt"/>
      <line num="47" count="4" type="cond" truecount="1" falsecount="0"/>
      <line num="48" count="14" type="stmt"/>
      <line num="49" count="14" type="stmt"/>
      <line num="50" count="22" type="cond" truecount="4" falsecount="0"/>
      <line num="51" count="4" type="stmt"/>
      <line num="52" count="4" type="stmt"/>
      <line num="53" count="22" type="cond" truecount="5" falsecount="0"/>
      <line num="54" count="2" type="stmt"/>
      <line num="55" count="2" type="stmt"/>
      <line num="56" count="2" type="cond" truecount="1" falsecount="0"/>
      <line num="57" count="14" type="stmt"/>
      <line num="58" count="14" type="cond" truecount="1" falsecount="0"/>
      <line num="59" count="8" type="stmt"/>
      <line num="60" count="8" type="stmt"/>
      <line num="61" count="11" type="cond" truecount="1" falsecount="0"/>
      <line num="62" count="4" type="stmt"/>
      <line num="63" count="4" type="stmt"/>
      <line num="64" count="4" type="cond" truecount="3" falsecount="0"/>
      <line num="65" count="2" type="stmt"/>
      <line num="66" count="2" type="stmt"/>
      <line num="67" count="2" type="cond" truecount="0" falsecount="3"/>
      <line num="68" count="0" type="stmt"/>
      <line num="69" count="0" type="stmt"/>
      <line num="70" count="0" type="stmt"/>
      <line num="71" count="4" type="stmt"/>
      <line num="72" count="4" type="cond" truecount="1" falsecount="0"/>
      <line num="73" count="8" type="stmt"/>
      <line num="74" count="8" type="stmt"/>
      <line num="75" count="8" type="stmt"/>
      <line num="76" count="1" type="stmt"/>
      <line num="77" count="1" type="cond" truecount="1" falsecount="0"/>
      <line num="78" count="42" type="stmt"/>
      <line num="79" count="42" type="cond" truecount="1" falsecount="0"/>
      <line num="80" count="8" type="stmt"/>
      <line num="81" count="8" type="cond" truecount="1" falsecount="0"/>
      <line num="82" count="34" type="stmt"/>
      <line num="83" count="34" type="stmt"/>
      <line num="84" count="42" type="cond" truecount="1" falsecount="0"/>
      <line num="85" count="88" type="cond" truecount="1" falsecount="0"/>
      <line num="86" count="88" type="cond" truecount="1" falsecount="0"/>
      <line num="87" count="88" type="cond" truecount="1" falsecount="0"/>
      <line num="88" count="20" type="stmt"/>
      <line num="89" count="20" type="stmt"/>
      <line num="90" count="1" type="stmt"/>
      <line num="91" count="1" type="stmt"/>
      <line num="92" count="1" type="stmt"/>
    </file>
  </project>
</coverage>
