{"/home/vitor/Área de trabalho/abrigo de animais/src/abrigo-animais.js": {"path":"/home/vitor/Área de trabalho/abrigo de animais/src/abrigo-animais.js","all":false,"statementMap":{"0":{"start":{"line":1,"column":0},"end":{"line":1,"column":17}},"1":{"start":{"line":2,"column":0},"end":{"line":2,"column":53}},"2":{"start":{"line":3,"column":0},"end":{"line":3,"column":56}},"3":{"start":{"line":4,"column":0},"end":{"line":4,"column":64}},"4":{"start":{"line":5,"column":0},"end":{"line":5,"column":55}},"5":{"start":{"line":6,"column":0},"end":{"line":6,"column":57}},"6":{"start":{"line":7,"column":0},"end":{"line":7,"column":63}},"7":{"start":{"line":8,"column":0},"end":{"line":8,"column":57}},"8":{"start":{"line":9,"column":0},"end":{"line":9,"column":2}},"9":{"start":{"line":10,"column":0},"end":{"line":10,"column":0}},"10":{"start":{"line":11,"column":0},"end":{"line":11,"column":21}},"11":{"start":{"line":12,"column":0},"end":{"line":12,"column":71}},"12":{"start":{"line":13,"column":0},"end":{"line":13,"column":68}},"13":{"start":{"line":14,"column":0},"end":{"line":14,"column":68}},"14":{"start":{"line":15,"column":0},"end":{"line":15,"column":61}},"15":{"start":{"line":16,"column":0},"end":{"line":16,"column":0}},"16":{"start":{"line":17,"column":0},"end":{"line":17,"column":39}},"17":{"start":{"line":18,"column":0},"end":{"line":18,"column":95}},"18":{"start":{"line":19,"column":0},"end":{"line":19,"column":44}},"19":{"start":{"line":20,"column":0},"end":{"line":20,"column":5}},"20":{"start":{"line":21,"column":0},"end":{"line":21,"column":36}},"21":{"start":{"line":22,"column":0},"end":{"line":22,"column":47}},"22":{"start":{"line":23,"column":0},"end":{"line":23,"column":41}},"23":{"start":{"line":24,"column":0},"end":{"line":24,"column":5}},"24":{"start":{"line":25,"column":0},"end":{"line":25,"column":0}},"25":{"start":{"line":26,"column":0},"end":{"line":26,"column":46}},"26":{"start":{"line":27,"column":0},"end":{"line":27,"column":29}},"27":{"start":{"line":28,"column":0},"end":{"line":28,"column":23}},"28":{"start":{"line":29,"column":0},"end":{"line":29,"column":0}},"29":{"start":{"line":30,"column":0},"end":{"line":30,"column":29}},"30":{"start":{"line":31,"column":0},"end":{"line":31,"column":35}},"31":{"start":{"line":32,"column":0},"end":{"line":32,"column":54}},"32":{"start":{"line":33,"column":0},"end":{"line":33,"column":0}},"33":{"start":{"line":34,"column":0},"end":{"line":34,"column":55}},"34":{"start":{"line":35,"column":0},"end":{"line":35,"column":55}},"35":{"start":{"line":36,"column":0},"end":{"line":36,"column":0}},"36":{"start":{"line":37,"column":0},"end":{"line":37,"column":69}},"37":{"start":{"line":38,"column":0},"end":{"line":38,"column":53}},"38":{"start":{"line":39,"column":0},"end":{"line":39,"column":43}},"39":{"start":{"line":40,"column":0},"end":{"line":40,"column":17}},"40":{"start":{"line":41,"column":0},"end":{"line":41,"column":7}},"41":{"start":{"line":42,"column":0},"end":{"line":42,"column":0}},"42":{"start":{"line":43,"column":0},"end":{"line":43,"column":34}},"43":{"start":{"line":44,"column":0},"end":{"line":44,"column":28}},"44":{"start":{"line":45,"column":0},"end":{"line":45,"column":47}},"45":{"start":{"line":46,"column":0},"end":{"line":46,"column":17}},"46":{"start":{"line":47,"column":0},"end":{"line":47,"column":7}},"47":{"start":{"line":48,"column":0},"end":{"line":48,"column":0}},"48":{"start":{"line":49,"column":0},"end":{"line":49,"column":31}},"49":{"start":{"line":50,"column":0},"end":{"line":50,"column":80}},"50":{"start":{"line":51,"column":0},"end":{"line":51,"column":31}},"51":{"start":{"line":52,"column":0},"end":{"line":52,"column":27}},"52":{"start":{"line":53,"column":0},"end":{"line":53,"column":87}},"53":{"start":{"line":54,"column":0},"end":{"line":54,"column":31}},"54":{"start":{"line":55,"column":0},"end":{"line":55,"column":27}},"55":{"start":{"line":56,"column":0},"end":{"line":56,"column":7}},"56":{"start":{"line":57,"column":0},"end":{"line":57,"column":47}},"57":{"start":{"line":58,"column":0},"end":{"line":58,"column":5}},"58":{"start":{"line":59,"column":0},"end":{"line":59,"column":0}},"59":{"start":{"line":60,"column":0},"end":{"line":60,"column":45}},"60":{"start":{"line":61,"column":0},"end":{"line":61,"column":24}},"61":{"start":{"line":62,"column":0},"end":{"line":62,"column":49}},"62":{"start":{"line":63,"column":0},"end":{"line":63,"column":31}},"63":{"start":{"line":64,"column":0},"end":{"line":64,"column":66}},"64":{"start":{"line":65,"column":0},"end":{"line":65,"column":31}},"65":{"start":{"line":66,"column":0},"end":{"line":66,"column":27}},"66":{"start":{"line":67,"column":0},"end":{"line":67,"column":73}},"67":{"start":{"line":68,"column":0},"end":{"line":68,"column":31}},"68":{"start":{"line":69,"column":0},"end":{"line":69,"column":27}},"69":{"start":{"line":70,"column":0},"end":{"line":70,"column":7}},"70":{"start":{"line":71,"column":0},"end":{"line":71,"column":47}},"71":{"start":{"line":72,"column":0},"end":{"line":72,"column":5}},"72":{"start":{"line":73,"column":0},"end":{"line":73,"column":0}},"73":{"start":{"line":74,"column":0},"end":{"line":74,"column":51}},"74":{"start":{"line":75,"column":0},"end":{"line":75,"column":3}},"75":{"start":{"line":76,"column":0},"end":{"line":76,"column":0}},"76":{"start":{"line":77,"column":0},"end":{"line":77,"column":44}},"77":{"start":{"line":78,"column":0},"end":{"line":78,"column":46}},"78":{"start":{"line":79,"column":0},"end":{"line":79,"column":26}},"79":{"start":{"line":80,"column":0},"end":{"line":80,"column":18}},"80":{"start":{"line":81,"column":0},"end":{"line":81,"column":5}},"81":{"start":{"line":82,"column":0},"end":{"line":82,"column":34}},"82":{"start":{"line":83,"column":0},"end":{"line":83,"column":16}},"83":{"start":{"line":84,"column":0},"end":{"line":84,"column":37}},"84":{"start":{"line":85,"column":0},"end":{"line":85,"column":32}},"85":{"start":{"line":86,"column":0},"end":{"line":86,"column":42}},"86":{"start":{"line":87,"column":0},"end":{"line":87,"column":5}},"87":{"start":{"line":88,"column":0},"end":{"line":88,"column":30}},"88":{"start":{"line":89,"column":0},"end":{"line":89,"column":3}},"89":{"start":{"line":90,"column":0},"end":{"line":90,"column":1}},"90":{"start":{"line":91,"column":0},"end":{"line":91,"column":0}},"91":{"start":{"line":92,"column":0},"end":{"line":92,"column":42}}},"s":{"0":1,"1":1,"2":1,"3":1,"4":1,"5":1,"6":1,"7":1,"8":1,"9":1,"10":1,"11":1,"12":11,"13":11,"14":11,"15":11,"16":11,"17":11,"18":1,"19":1,"20":10,"21":11,"22":1,"23":1,"24":9,"25":9,"26":9,"27":9,"28":9,"29":11,"30":22,"31":22,"32":21,"33":21,"34":21,"35":21,"36":21,"37":22,"38":3,"39":3,"40":3,"41":18,"42":18,"43":22,"44":4,"45":4,"46":4,"47":14,"48":14,"49":22,"50":4,"51":4,"52":22,"53":2,"54":2,"55":2,"56":14,"57":14,"58":8,"59":8,"60":11,"61":4,"62":4,"63":4,"64":2,"65":2,"66":2,"67":0,"68":0,"69":0,"70":4,"71":4,"72":8,"73":8,"74":8,"75":1,"76":1,"77":42,"78":42,"79":8,"80":8,"81":34,"82":34,"83":42,"84":88,"85":88,"86":88,"87":20,"88":20,"89":1,"90":1,"91":1},"branchMap":{"0":{"type":"branch","line":12,"loc":{"start":{"line":12,"column":2},"end":{"line":75,"column":3}},"locations":[{"start":{"line":12,"column":2},"end":{"line":75,"column":3}}]},"1":{"type":"branch","line":18,"loc":{"start":{"line":18,"column":48},"end":{"line":18,"column":92}},"locations":[{"start":{"line":18,"column":48},"end":{"line":18,"column":92}}]},"2":{"type":"branch","line":18,"loc":{"start":{"line":18,"column":94},"end":{"line":20,"column":5}},"locations":[{"start":{"line":18,"column":94},"end":{"line":20,"column":5}}]},"3":{"type":"branch","line":20,"loc":{"start":{"line":20,"column":4},"end":{"line":22,"column":46}},"locations":[{"start":{"line":20,"column":4},"end":{"line":22,"column":46}}]},"4":{"type":"branch","line":22,"loc":{"start":{"line":22,"column":46},"end":{"line":24,"column":5}},"locations":[{"start":{"line":22,"column":46},"end":{"line":24,"column":5}}]},"5":{"type":"branch","line":24,"loc":{"start":{"line":24,"column":4},"end":{"line":30,"column":28}},"locations":[{"start":{"line":24,"column":4},"end":{"line":30,"column":28}}]},"6":{"type":"branch","line":30,"loc":{"start":{"line":30,"column":28},"end":{"line":58,"column":5}},"locations":[{"start":{"line":30,"column":28},"end":{"line":58,"column":5}}]},"7":{"type":"branch","line":32,"loc":{"start":{"line":32,"column":19},"end":{"line":32,"column":54}},"locations":[{"start":{"line":32,"column":19},"end":{"line":32,"column":54}}]},"8":{"type":"branch","line":32,"loc":{"start":{"line":32,"column":53},"end":{"line":38,"column":36}},"locations":[{"start":{"line":32,"column":53},"end":{"line":38,"column":36}}]},"9":{"type":"branch","line":38,"loc":{"start":{"line":38,"column":32},"end":{"line":38,"column":41}},"locations":[{"start":{"line":38,"column":32},"end":{"line":38,"column":41}}]},"10":{"type":"branch","line":38,"loc":{"start":{"line":38,"column":41},"end":{"line":38,"column":50}},"locations":[{"start":{"line":38,"column":41},"end":{"line":38,"column":50}}]},"11":{"type":"branch","line":38,"loc":{"start":{"line":38,"column":52},"end":{"line":41,"column":7}},"locations":[{"start":{"line":38,"column":52},"end":{"line":41,"column":7}}]},"12":{"type":"branch","line":41,"loc":{"start":{"line":41,"column":6},"end":{"line":44,"column":27}},"locations":[{"start":{"line":41,"column":6},"end":{"line":44,"column":27}}]},"13":{"type":"branch","line":44,"loc":{"start":{"line":44,"column":27},"end":{"line":47,"column":7}},"locations":[{"start":{"line":44,"column":27},"end":{"line":47,"column":7}}]},"14":{"type":"branch","line":47,"loc":{"start":{"line":47,"column":6},"end":{"line":50,"column":19}},"locations":[{"start":{"line":47,"column":6},"end":{"line":50,"column":19}}]},"15":{"type":"branch","line":50,"loc":{"start":{"line":50,"column":15},"end":{"line":50,"column":39}},"locations":[{"start":{"line":50,"column":15},"end":{"line":50,"column":39}}]},"16":{"type":"branch","line":50,"loc":{"start":{"line":50,"column":39},"end":{"line":50,"column":77}},"locations":[{"start":{"line":50,"column":39},"end":{"line":50,"column":77}}]},"17":{"type":"branch","line":50,"loc":{"start":{"line":50,"column":50},"end":{"line":50,"column":76}},"locations":[{"start":{"line":50,"column":50},"end":{"line":50,"column":76}}]},"18":{"type":"branch","line":50,"loc":{"start":{"line":50,"column":79},"end":{"line":53,"column":7}},"locations":[{"start":{"line":50,"column":79},"end":{"line":53,"column":7}}]},"19":{"type":"branch","line":53,"loc":{"start":{"line":53,"column":7},"end":{"line":56,"column":7}},"locations":[{"start":{"line":53,"column":7},"end":{"line":56,"column":7}}]},"20":{"type":"branch","line":53,"loc":{"start":{"line":53,"column":22},"end":{"line":53,"column":46}},"locations":[{"start":{"line":53,"column":22},"end":{"line":53,"column":46}}]},"21":{"type":"branch","line":53,"loc":{"start":{"line":53,"column":46},"end":{"line":53,"column":84}},"locations":[{"start":{"line":53,"column":46},"end":{"line":53,"column":84}}]},"22":{"type":"branch","line":53,"loc":{"start":{"line":53,"column":57},"end":{"line":53,"column":83}},"locations":[{"start":{"line":53,"column":57},"end":{"line":53,"column":83}}]},"23":{"type":"branch","line":53,"loc":{"start":{"line":53,"column":86},"end":{"line":56,"column":7}},"locations":[{"start":{"line":53,"column":86},"end":{"line":56,"column":7}}]},"24":{"type":"branch","line":56,"loc":{"start":{"line":56,"column":6},"end":{"line":58,"column":5}},"locations":[{"start":{"line":56,"column":6},"end":{"line":58,"column":5}}]},"25":{"type":"branch","line":58,"loc":{"start":{"line":58,"column":4},"end":{"line":61,"column":23}},"locations":[{"start":{"line":58,"column":4},"end":{"line":61,"column":23}}]},"26":{"type":"branch","line":61,"loc":{"start":{"line":61,"column":23},"end":{"line":72,"column":5}},"locations":[{"start":{"line":61,"column":23},"end":{"line":72,"column":5}}]},"27":{"type":"branch","line":64,"loc":{"start":{"line":64,"column":30},"end":{"line":64,"column":39}},"locations":[{"start":{"line":64,"column":30},"end":{"line":64,"column":39}}]},"28":{"type":"branch","line":64,"loc":{"start":{"line":64,"column":39},"end":{"line":64,"column":63}},"locations":[{"start":{"line":64,"column":39},"end":{"line":64,"column":63}}]},"29":{"type":"branch","line":64,"loc":{"start":{"line":64,"column":65},"end":{"line":70,"column":7}},"locations":[{"start":{"line":64,"column":65},"end":{"line":70,"column":7}}]},"30":{"type":"branch","line":67,"loc":{"start":{"line":67,"column":37},"end":{"line":67,"column":46}},"locations":[{"start":{"line":67,"column":37},"end":{"line":67,"column":46}}]},"31":{"type":"branch","line":67,"loc":{"start":{"line":67,"column":46},"end":{"line":67,"column":70}},"locations":[{"start":{"line":67,"column":46},"end":{"line":67,"column":70}}]},"32":{"type":"branch","line":67,"loc":{"start":{"line":67,"column":72},"end":{"line":70,"column":7}},"locations":[{"start":{"line":67,"column":72},"end":{"line":70,"column":7}}]},"33":{"type":"branch","line":72,"loc":{"start":{"line":72,"column":4},"end":{"line":75,"column":3}},"locations":[{"start":{"line":72,"column":4},"end":{"line":75,"column":3}}]},"34":{"type":"branch","line":13,"loc":{"start":{"line":13,"column":53},"end":{"line":13,"column":66}},"locations":[{"start":{"line":13,"column":53},"end":{"line":13,"column":66}}]},"35":{"type":"branch","line":14,"loc":{"start":{"line":14,"column":53},"end":{"line":14,"column":66}},"locations":[{"start":{"line":14,"column":53},"end":{"line":14,"column":66}}]},"36":{"type":"branch","line":15,"loc":{"start":{"line":15,"column":46},"end":{"line":15,"column":59}},"locations":[{"start":{"line":15,"column":46},"end":{"line":15,"column":59}}]},"37":{"type":"branch","line":77,"loc":{"start":{"line":77,"column":2},"end":{"line":89,"column":3}},"locations":[{"start":{"line":77,"column":2},"end":{"line":89,"column":3}}]},"38":{"type":"branch","line":79,"loc":{"start":{"line":79,"column":25},"end":{"line":81,"column":5}},"locations":[{"start":{"line":79,"column":25},"end":{"line":81,"column":5}}]},"39":{"type":"branch","line":81,"loc":{"start":{"line":81,"column":4},"end":{"line":84,"column":36}},"locations":[{"start":{"line":81,"column":4},"end":{"line":84,"column":36}}]},"40":{"type":"branch","line":84,"loc":{"start":{"line":84,"column":36},"end":{"line":87,"column":5}},"locations":[{"start":{"line":84,"column":36},"end":{"line":87,"column":5}}]},"41":{"type":"branch","line":85,"loc":{"start":{"line":85,"column":26},"end":{"line":85,"column":32}},"locations":[{"start":{"line":85,"column":26},"end":{"line":85,"column":32}}]},"42":{"type":"branch","line":86,"loc":{"start":{"line":86,"column":30},"end":{"line":86,"column":42}},"locations":[{"start":{"line":86,"column":30},"end":{"line":86,"column":42}}]},"43":{"type":"branch","line":87,"loc":{"start":{"line":87,"column":4},"end":{"line":89,"column":3}},"locations":[{"start":{"line":87,"column":4},"end":{"line":89,"column":3}}]}},"b":{"0":[11],"1":[10],"2":[1],"3":[10],"4":[1],"5":[9],"6":[22],"7":[1],"8":[21],"9":[10],"10":[3],"11":[3],"12":[18],"13":[4],"14":[14],"15":[5],"16":[5],"17":[1],"18":[4],"19":[10],"20":[3],"21":[3],"22":[1],"23":[2],"24":[14],"25":[8],"26":[4],"27":[2],"28":[2],"29":[2],"30":[0],"31":[0],"32":[0],"33":[8],"34":[26],"35":[28],"36":[26],"37":[42],"38":[8],"39":[34],"40":[88],"41":[44],"42":[14],"43":[20]},"fnMap":{"0":{"name":"encontraPessoas","decl":{"start":{"line":12,"column":2},"end":{"line":75,"column":3}},"loc":{"start":{"line":12,"column":2},"end":{"line":75,"column":3}},"line":12},"1":{"name":"verifica","decl":{"start":{"line":77,"column":2},"end":{"line":89,"column":3}},"loc":{"start":{"line":77,"column":2},"end":{"line":89,"column":3}},"line":77}},"f":{"0":11,"1":42}}
}
