TN:
SF:src/abrigo-animais.js
FN:12,encontraPessoas
FN:77,verifica
FNF:2
FNH:2
FNDA:11,encontraPessoas
FNDA:42,verifica
DA:1,1
DA:2,1
DA:3,1
DA:4,1
DA:5,1
DA:6,1
DA:7,1
DA:8,1
DA:9,1
DA:10,1
DA:11,1
DA:12,1
DA:13,11
DA:14,11
DA:15,11
DA:16,11
DA:17,11
DA:18,11
DA:19,1
DA:20,1
DA:21,10
DA:22,11
DA:23,1
DA:24,1
DA:25,9
DA:26,9
DA:27,9
DA:28,9
DA:29,9
DA:30,11
DA:31,22
DA:32,22
DA:33,21
DA:34,21
DA:35,21
DA:36,21
DA:37,21
DA:38,22
DA:39,3
DA:40,3
DA:41,3
DA:42,18
DA:43,18
DA:44,22
DA:45,4
DA:46,4
DA:47,4
DA:48,14
DA:49,14
DA:50,22
DA:51,4
DA:52,4
DA:53,22
DA:54,2
DA:55,2
DA:56,2
DA:57,14
DA:58,14
DA:59,8
DA:60,8
DA:61,11
DA:62,4
DA:63,4
DA:64,4
DA:65,2
DA:66,2
DA:67,2
DA:68,0
DA:69,0
DA:70,0
DA:71,4
DA:72,4
DA:73,8
DA:74,8
DA:75,8
DA:76,1
DA:77,1
DA:78,42
DA:79,42
DA:80,8
DA:81,8
DA:82,34
DA:83,34
DA:84,42
DA:85,88
DA:86,88
DA:87,88
DA:88,20
DA:89,20
DA:90,1
DA:91,1
DA:92,1
LF:92
LH:89
BRDA:12,0,0,11
BRDA:18,1,0,10
BRDA:18,2,0,1
BRDA:20,3,0,10
BRDA:22,4,0,1
BRDA:24,5,0,9
BRDA:30,6,0,22
BRDA:32,7,0,1
BRDA:32,8,0,21
BRDA:38,9,0,10
BRDA:38,10,0,3
BRDA:38,11,0,3
BRDA:41,12,0,18
BRDA:44,13,0,4
BRDA:47,14,0,14
BRDA:50,15,0,5
BRDA:50,16,0,5
BRDA:50,17,0,1
BRDA:50,18,0,4
BRDA:53,19,0,10
BRDA:53,20,0,3
BRDA:53,21,0,3
BRDA:53,22,0,1
BRDA:53,23,0,2
BRDA:56,24,0,14
BRDA:58,25,0,8
BRDA:61,26,0,4
BRDA:64,27,0,2
BRDA:64,28,0,2
BRDA:64,29,0,2
BRDA:67,30,0,0
BRDA:67,31,0,0
BRDA:67,32,0,0
BRDA:72,33,0,8
BRDA:13,34,0,26
BRDA:14,35,0,28
BRDA:15,36,0,26
BRDA:77,37,0,42
BRDA:79,38,0,8
BRDA:81,39,0,34
BRDA:84,40,0,88
BRDA:85,41,0,44
BRDA:86,42,0,14
BRDA:87,43,0,20
BRF:44
BRH:41
end_of_record
